<?xml version="1.0" encoding="UTF-8"?>
<testsuite name="ListTest" tests="12" skipped="0" failures="0" errors="0" timestamp="2017-10-15T11:33:39" hostname="Jonathans-MBP.dynamic.ziggo.nl" time="0.033">
  <properties/>
  <testcase name="testCopy" classname="ListTest" time="0.005"/>
  <testcase name="testFind" classname="ListTest" time="0.0"/>
  <testcase name="testInit" classname="ListTest" time="0.001"/>
  <testcase name="testSize" classname="ListTest" time="0.001"/>
  <testcase name="testgoToPrevious" classname="ListTest" time="0.0"/>
  <testcase name="testRetrieve" classname="ListTest" time="0.002"/>
  <testcase name="testInsert" classname="ListTest" time="0.003"/>
  <testcase name="testIsEmpty" classname="ListTest" time="0.002"/>
  <testcase name="testRemove" classname="ListTest" time="0.003"/>
  <testcase name="testgoToLast" classname="ListTest" time="0.0"/>
  <testcase name="testgoToNext" classname="ListTest" time="0.0"/>
  <testcase name="testgoToFirst" classname="ListTest" time="0.001"/>
  <system-out><![CDATA[]]></system-out>
  <system-err><![CDATA[]]></system-err>
</testsuite>
