<?xml version="1.0" encoding="UTF-8"?>
<testsuite name="InterpreterTest" tests="1" skipped="0" failures="0" errors="0" timestamp="2017-10-15T11:32:46" hostname="Jonathans-MBP.dynamic.ziggo.nl" time="0.024">
  <properties/>
  <testcase name="testAssignment" classname="InterpreterTest" time="0.024"/>
  <system-out><![CDATA[]]></system-out>
  <system-err><![CDATA[]]></system-err>
</testsuite>
