<?xml version="1.0" encoding="UTF-8"?>
<testsuite name="SetTest" tests="4" skipped="0" failures="0" errors="0" timestamp="2017-10-15T11:33:39" hostname="Jonathans-MBP.dynamic.ziggo.nl" time="0.003">
  <properties/>
  <testcase name="testComplement" classname="SetTest" time="0.0"/>
  <testcase name="testUnion" classname="SetTest" time="0.0"/>
  <testcase name="testSymm" classname="SetTest" time="0.001"/>
  <testcase name="testIntersection" classname="SetTest" time="0.001"/>
  <system-out><![CDATA[]]></system-out>
  <system-err><![CDATA[]]></system-err>
</testsuite>
